Server listening on http://localhost:3000
Received webhook payload: {
  "id": "transaction_1765496373046",
  "card_id": "card_123",
  "amount": 100,
  "currency": "usd",
  "balanceExceeded": true,
  "merchant_data": {
    "category": 7623,
    "address": {
      "line1": "123 main st",
      "line2": "Unit 1",
      "city": "New York",
      "state": "NY",
      "country": "US"
    }
  }
}
Received webhook payload: {
  "id": "transaction_1765496373812",
  "card_id": "card_123",
  "amount": 100,
  "currency": "usd",
  "balanceExceeded": true,
  "merchant_data": {
    "category": 7623,
    "address": {
      "line1": "123 main st",
      "line2": "Unit 1",
      "city": "New York",
      "state": "NY",
      "country": "US"
    }
  }
}
Received webhook payload: {
  "id": "transaction_1765496373978",
  "card_id": "card_123",
  "amount": 100,
  "currency": "usd",
  "balanceExceeded": true,
  "merchant_data": {
    "category": 7623,
    "address": {
      "line1": "123 main st",
      "line2": "Unit 1",
      "city": "New York",
      "state": "NY",
      "country": "US"
    }
  }
}
Received webhook payload: {
  "id": "transaction_1765496374141",
  "card_id": "card_123",
  "amount": 100,
  "currency": "usd",
  "balanceExceeded": true,
  "merchant_data": {
    "category": 7623,
    "address": {
      "line1": "123 main st",
      "line2": "Unit 1",
      "city": "New York",
      "state": "NY",
      "country": "US"
    }
  }
}
Received webhook payload: {
  "id": "transaction_1765496375011",
  "card_id": "card_123",
  "amount": 5000,
  "currency": "usd",
  "balanceExceeded": true,
  "merchant_data": {
    "category": 7623,
    "address": {
      "line1": "123 main st",
      "line2": "Unit 1",
      "city": "New York",
      "state": "NY",
      "country": "US"
    }
  }
}
Received webhook payload: {
  "id": "transaction_1765496375204",
  "card_id": "card_123",
  "amount": 5000,
  "currency": "usd",
  "balanceExceeded": true,
  "merchant_data": {
    "category": 7623,
    "address": {
      "line1": "123 main st",
      "line2": "Unit 1",
      "city": "New York",
      "state": "NY",
      "country": "US"
    }
  }
}
Received webhook payload: {
  "id": "transaction_1765496375465",
  "card_id": "card_123",
  "amount": 5000,
  "currency": "usd",
  "balanceExceeded": true,
  "merchant_data": {
    "category": 7623,
    "address": {
      "line1": "123 main st",
      "line2": "Unit 1",
      "city": "New York",
      "state": "NY",
      "country": "US"
    }
  }
}
Received webhook payload: {
  "id": "transaction_1765496375859",
  "card_id": "card_123",
  "amount": 5000,
  "currency": "usd",
  "balanceExceeded": true,
  "merchant_data": {
    "category": 7623,
    "address": {
      "line1": "123 main st",
      "line2": "Unit 1",
      "city": "New York",
      "state": "NY",
      "country": "US"
    }
  }
}
Cleared transactions table
Received webhook payload: {
  "id": "transaction_1765496429500",
  "card_id": "card_123",
  "amount": 100,
  "currency": "usd",
  "balanceExceeded": false,
  "merchant_data": {
    "category": 7623,
    "address": {
      "line1": "123 main st",
      "line2": "Unit 1",
      "city": "New York",
      "state": "NY",
      "country": "US"
    }
  }
}
Received webhook payload: {
  "id": "transaction_1765496431097",
  "card_id": "card_123",
  "amount": 100,
  "currency": "usd",
  "balanceExceeded": false,
  "merchant_data": {
    "category": 7623,
    "address": {
      "line1": "123 main st",
      "line2": "Unit 1",
      "city": "New York",
      "state": "NY",
      "country": "US"
    }
  }
}
Received webhook payload: {
  "id": "transaction_1765496431248",
  "card_id": "card_123",
  "amount": 100,
  "currency": "usd",
  "balanceExceeded": false,
  "merchant_data": {
    "category": 7623,
    "address": {
      "line1": "123 main st",
      "line2": "Unit 1",
      "city": "New York",
      "state": "NY",
      "country": "US"
    }
  }
}
Received webhook payload: {
  "id": "transaction_1765496431405",
  "card_id": "card_123",
  "amount": 100,
  "currency": "usd",
  "balanceExceeded": false,
  "merchant_data": {
    "category": 7623,
    "address": {
      "line1": "123 main st",
      "line2": "Unit 1",
      "city": "New York",
      "state": "NY",
      "country": "US"
    }
  }
}
Received webhook payload: {
  "id": "transaction_1765496433183",
  "card_id": "card_123",
  "amount": 100,
  "currency": "usd",
  "balanceExceeded": true,
  "merchant_data": {
    "category": 7623,
    "address": {
      "line1": "123 main st",
      "line2": "Unit 1",
      "city": "New York",
      "state": "NY",
      "country": "US"
    }
  }
}
Received webhook payload: {
  "id": "transaction_1765496433871",
  "card_id": "card_123",
  "amount": 100,
  "currency": "usd",
  "balanceExceeded": true,
  "merchant_data": {
    "category": 7623,
    "address": {
      "line1": "123 main st",
      "line2": "Unit 1",
      "city": "New York",
      "state": "NY",
      "country": "US"
    }
  }
}
Received webhook payload: {
  "id": "transaction_1765496434136",
  "card_id": "card_123",
  "amount": 100,
  "currency": "usd",
  "balanceExceeded": true,
  "merchant_data": {
    "category": 7623,
    "address": {
      "line1": "123 main st",
      "line2": "Unit 1",
      "city": "New York",
      "state": "NY",
      "country": "US"
    }
  }
}
Cleared transactions table
Received webhook payload: {
  "id": "transaction_1765496455794",
  "card_id": "card_123",
  "amount": 100,
  "currency": "usd",
  "balanceExceeded": false,
  "merchant_data": {
    "category": 7623,
    "address": {
      "line1": "123 main st",
      "line2": "Unit 1",
      "city": "New York",
      "state": "NY",
      "country": "US"
    }
  }
}
Received webhook payload: {
  "id": "transaction_1765496455968",
  "card_id": "card_123",
  "amount": 100,
  "currency": "usd",
  "balanceExceeded": false,
  "merchant_data": {
    "category": 7623,
    "address": {
      "line1": "123 main st",
      "line2": "Unit 1",
      "city": "New York",
      "state": "NY",
      "country": "US"
    }
  }
}
Received webhook payload: {
  "id": "transaction_1765496456126",
  "card_id": "card_123",
  "amount": 100,
  "currency": "usd",
  "balanceExceeded": false,
  "merchant_data": {
    "category": 7623,
    "address": {
      "line1": "123 main st",
      "line2": "Unit 1",
      "city": "New York",
      "state": "NY",
      "country": "US"
    }
  }
}
Received webhook payload: {
  "id": "transaction_1765496456298",
  "card_id": "card_123",
  "amount": 100,
  "currency": "usd",
  "balanceExceeded": false,
  "merchant_data": {
    "category": 7623,
    "address": {
      "line1": "123 main st",
      "line2": "Unit 1",
      "city": "New York",
      "state": "NY",
      "country": "US"
    }
  }
}
Received webhook payload: {
  "id": "transaction_1765496456419",
  "card_id": "card_123",
  "amount": 100,
  "currency": "usd",
  "balanceExceeded": false,
  "merchant_data": {
    "category": 7623,
    "address": {
      "line1": "123 main st",
      "line2": "Unit 1",
      "city": "New York",
      "state": "NY",
      "country": "US"
    }
  }
}
Received webhook payload: {
  "id": "transaction_1765496458435",
  "card_id": "card_123",
  "amount": 100,
  "currency": "usd",
  "balanceExceeded": true,
  "merchant_data": {
    "category": 7623,
    "address": {
      "line1": "123 main st",
      "line2": "Unit 1",
      "city": "New York",
      "state": "NY",
      "country": "US"
    }
  }
}
Received webhook payload: {
  "id": "transaction_1765496458593",
  "card_id": "card_123",
  "amount": 100,
  "currency": "usd",
  "balanceExceeded": true,
  "merchant_data": {
    "category": 7623,
    "address": {
      "line1": "123 main st",
      "line2": "Unit 1",
      "city": "New York",
      "state": "NY",
      "country": "US"
    }
  }
}
Received webhook payload: {
  "id": "transaction_1765496458741",
  "card_id": "card_123",
  "amount": 100,
  "currency": "usd",
  "balanceExceeded": true,
  "merchant_data": {
    "category": 7623,
    "address": {
      "line1": "123 main st",
      "line2": "Unit 1",
      "city": "New York",
      "state": "NY",
      "country": "US"
    }
  }
}
Received webhook payload: {
  "id": "transaction_1765496458891",
  "card_id": "card_123",
  "amount": 100,
  "currency": "usd",
  "balanceExceeded": true,
  "merchant_data": {
    "category": 7623,
    "address": {
      "line1": "123 main st",
      "line2": "Unit 1",
      "city": "New York",
      "state": "NY",
      "country": "US"
    }
  }
}
Cleared transactions table
